\BOOKMARK [0][-]{Doc-Start}{\376\377\000A\000b\000s\000t\000r\000a\000c\000t}{}% 1
\BOOKMARK [1][-]{section.0.1}{\376\377\000I\000n\000t\000r\000o\000d\000u\000c\000t\000i\000o\000n}{Doc-Start}% 2
\BOOKMARK [1][-]{section.0.2}{\376\377\000P\000u\000b\000l\000i\000c\000\040\000E\000v\000i\000d\000e\000n\000c\000e}{Doc-Start}% 3
\BOOKMARK [1][-]{section.0.3}{\376\377\000C\000u\000l\000t\000u\000r\000a\000l\000,\000\040\000L\000i\000n\000g\000u\000i\000s\000t\000i\000c\000,\000\040\000a\000n\000d\000\040\000G\000e\000o\000g\000r\000a\000p\000h\000i\000c\000\040\000C\000o\000n\000s\000t\000r\000a\000i\000n\000t\000s}{Doc-Start}% 4
\BOOKMARK [1][-]{section.0.4}{\376\377\000P\000r\000o\000b\000l\000e\000m\000\040\000D\000e\000f\000i\000n\000i\000t\000i\000o\000n}{Doc-Start}% 5
\BOOKMARK [1][-]{section.0.5}{\376\377\000M\000o\000d\000u\000l\000a\000r\000\040\000A\000r\000i\000t\000h\000m\000e\000t\000i\000c\000\040\000F\000o\000r\000m\000u\000l\000a\000t\000i\000o\000n}{Doc-Start}% 6
\BOOKMARK [1][-]{section.0.6}{\376\377\000P\000a\000i\000r\000e\000d\000\040\000R\000e\000s\000e\000a\000r\000c\000h\000\040\000O\000p\000t\000i\000m\000i\000z\000a\000t\000i\000o\000n}{Doc-Start}% 7
\BOOKMARK [1][-]{section.0.7}{\376\377\000S\000c\000o\000r\000i\000n\000g\000\040\000M\000o\000d\000e\000l}{Doc-Start}% 8
\BOOKMARK [1][-]{section.0.8}{\376\377\000T\000o\000p\000\040\000C\000a\000n\000d\000i\000d\000a\000t\000e\000\040\000P\000a\000i\000r}{Doc-Start}% 9
\BOOKMARK [1][-]{section.0.9}{\376\377\000S\000e\000c\000o\000n\000d\000a\000r\000y\000\040\000C\000a\000n\000d\000i\000d\000a\000t\000e\000\040\000A\000n\000a\000l\000y\000s\000i\000s}{Doc-Start}% 10
\BOOKMARK [2][-]{subsection.0.9.1}{\376\377\000P\000a\000i\000r\000\040\000B\000:\000\040\000S\000e\000l\000f\000-\000R\000e\000f\000e\000r\000e\000n\000t\000i\000a\000l\000\040\000K\000r\000y\000p\000t\000o\000s\000\040\000C\000i\000p\000h\000e\000r}{section.0.9}% 11
\BOOKMARK [2][-]{subsection.0.9.2}{\376\377\000P\000a\000i\000r\000\040\000C\000:\000\040\000H\000i\000d\000d\000e\000n\000-\000M\000e\000s\000s\000a\000g\000e\000\040\000F\000o\000r\000m}{section.0.9}% 12
\BOOKMARK [2][-]{subsection.0.9.3}{\376\377\000P\000a\000i\000r\000\040\000D\000:\000\040\000L\000i\000g\000h\000t\000-\000F\000i\000e\000l\000d\000\040\000M\000e\000c\000h\000a\000n\000i\000s\000m\000\040\000C\000a\000n\000d\000i\000d\000a\000t\000e}{section.0.9}% 13
\BOOKMARK [2][-]{subsection.0.9.4}{\376\377\000C\000r\000o\000s\000s\000-\000C\000a\000n\000d\000i\000d\000a\000t\000e\000\040\000V\000a\000l\000u\000e}{section.0.9}% 14
\BOOKMARK [1][-]{section.0.10}{\376\377\000W\000h\000y\000\040\000t\000h\000e\000\040\000P\000a\000i\000r\000\040\000I\000s\000\040\000P\000l\000a\000u\000s\000i\000b\000l\000e}{Doc-Start}% 15
\BOOKMARK [1][-]{section.0.11}{\376\377\000W\000h\000y\000\040\000t\000h\000e\000\040\000P\000a\000i\000r\000\040\000I\000s\000\040\000N\000o\000t\000\040\000a\000\040\000S\000o\000l\000u\000t\000i\000o\000n}{Doc-Start}% 16
\BOOKMARK [1][-]{section.0.12}{\376\377\000B\000e\000r\000l\000i\000n\000\040\000C\000l\000o\000c\000k\000\040\000B\000a\000c\000k\000g\000r\000o\000u\000n\000d\000s\000\040\000a\000n\000d\000\040\000M\000e\000c\000h\000a\000n\000i\000s\000m\000\040\000S\000e\000a\000r\000c\000h}{Doc-Start}% 17
\BOOKMARK [1][-]{section.0.13}{\376\377\000F\000a\000l\000s\000i\000f\000i\000c\000a\000t\000i\000o\000n\000\040\000C\000o\000n\000d\000i\000t\000i\000o\000n\000s}{Doc-Start}% 18
\BOOKMARK [1][-]{section.0.14}{\376\377\000F\000u\000t\000u\000r\000e\000\040\000W\000o\000r\000k}{Doc-Start}% 19
\BOOKMARK [1][-]{section.0.15}{\376\377\000C\000o\000n\000c\000l\000u\000s\000i\000o\000n}{Doc-Start}% 20
\BOOKMARK [1][-]{section.1..1}{\376\377\000R\000e\000p\000r\000o\000d\000u\000c\000i\000b\000i\000l\000i\000t\000y\000\040\000A\000u\000d\000i\000t}{Doc-Start}% 21
\BOOKMARK [0][-]{lstnumber.1..1.94}{\376\377\000\040\000R\000e\000f\000e\000r\000e\000n\000c\000e\000s}{}% 22
